mode: set
sber_test/cmd/main.go:22.37,24.16 2 0
sber_test/cmd/main.go:24.16,26.3 1 0
sber_test/cmd/main.go:27.2,28.48 2 0
sber_test/cmd/main.go:28.48,30.3 1 0
sber_test/cmd/main.go:31.2,31.12 1 0
sber_test/cmd/main.go:34.13,46.53 8 0
sber_test/cmd/main.go:46.53,48.3 1 0
sber_test/internal/repo/cache/cache.go:10.19,14.2 1 1
sber_test/internal/repo/cache/cache.go:16.43,23.2 5 1
sber_test/internal/repo/cache/cache.go:25.40,32.2 5 1
sber_test/internal/handlers/cache.go:10.54,11.54 1 1
sber_test/internal/handlers/cache.go:11.54,13.20 2 1
sber_test/internal/handlers/cache.go:13.20,16.4 2 1
sber_test/internal/handlers/cache.go:17.3,18.33 2 1
sber_test/internal/handlers/execute.go:10.53,11.54 1 1
sber_test/internal/handlers/execute.go:11.54,13.62 2 1
sber_test/internal/handlers/execute.go:13.62,16.4 2 0
sber_test/internal/handlers/execute.go:18.3,19.17 2 1
sber_test/internal/handlers/execute.go:19.17,22.4 2 1
sber_test/internal/handlers/execute.go:24.3,30.33 3 1
sber_test/internal/handlers/handlers.go:9.57,13.2 3 0
sber_test/internal/handlers/middleware.go:14.50,17.2 2 1
sber_test/internal/handlers/middleware.go:19.45,20.71 1 1
sber_test/internal/handlers/middleware.go:20.71,25.3 4 1
sber_test/internal/service/service.go:18.35,20.2 1 1
sber_test/internal/service/service.go:52.49,54.16 2 1
sber_test/internal/service/service.go:54.16,56.3 1 0
sber_test/internal/service/service.go:58.2,59.16 2 1
sber_test/internal/service/service.go:59.16,61.3 1 0
sber_test/internal/service/service.go:63.2,65.16 3 1
sber_test/internal/service/service.go:65.16,67.3 1 0
sber_test/internal/service/service.go:69.2,69.37 1 1
sber_test/internal/service/service.go:72.77,74.16 2 1
sber_test/internal/service/service.go:74.16,76.3 1 0
sber_test/internal/service/service.go:78.2,86.32 4 1
sber_test/internal/service/service.go:86.32,87.37 1 1
sber_test/internal/service/service.go:87.37,89.4 1 1
sber_test/internal/service/service.go:90.3,90.8 1 1
sber_test/internal/service/service.go:90.8,92.21 2 1
sber_test/internal/service/service.go:92.21,94.5 1 1
sber_test/internal/service/service.go:94.10,94.30 1 1
sber_test/internal/service/service.go:94.30,96.5 1 1
sber_test/internal/service/service.go:96.10,96.26 1 0
sber_test/internal/service/service.go:96.26,98.5 1 0
sber_test/internal/service/service.go:102.2,102.17 1 1
sber_test/internal/service/service.go:102.17,104.3 1 1
sber_test/internal/service/service.go:105.2,105.16 1 1
sber_test/internal/service/service.go:105.16,107.3 1 1
sber_test/internal/service/service.go:109.2,109.45 1 1
sber_test/internal/service/service.go:109.45,111.3 1 1
sber_test/internal/service/service.go:113.2,145.27 18 1
sber_test/internal/service/service.go:148.40,151.24 3 1
sber_test/internal/service/service.go:151.24,152.34 1 1
sber_test/internal/service/service.go:152.34,154.4 1 1
sber_test/internal/service/service.go:156.2,156.12 1 1
